2016-09-09 14:00:23,933 INFO           anuga.utilities.log:0   |Logfile is './anuga.log' with logging level of INFO, console logging level is CRITICAL
2016-09-09 14:00:23,934 CRITICAL                   asc2dem:71  |Reading METADATA from ./tmp/dtm_utm.mean.prj
2016-09-09 14:00:23,934 CRITICAL                   asc2dem:115 |Reading DEM from ./tmp/dtm_utm.mean.asc
2016-09-09 14:00:24,183 CRITICAL                   asc2dem:120 |Got 5701 lines
2016-09-09 14:00:24,183 CRITICAL                   asc2dem:158 |Store to NetCDF file ./tmp/dtm_utm.mean.dem
2016-09-09 14:00:46,400 CRITICAL                   dem2pts:86  |Reading DEM from ./tmp/dtm_utm.mean.dem
2016-09-09 14:00:46,400 CRITICAL                   dem2pts:117 |Store to NetCDF file ./tmp/dtm_utm.mean.pts
2016-09-09 14:00:47,140 CRITICAL                   dem2pts:333 |There are 26031845 values in the elevation
2016-09-09 14:00:47,141 CRITICAL                   dem2pts:335 |There are 26031845 values in the clipped elevation
2016-09-09 14:00:47,141 CRITICAL                   dem2pts:336 |There are 3736947 NODATA_values in the clipped elevation
2016-09-09 14:00:50,623 INFO                mesh_interface:93  |Resource usage: memory=1712.9MB resident=1402.4MB stacksize=0.1MB
2016-09-09 14:00:50,623 INFO                mesh_interface:93  |#@# sys_platform, linux2
2016-09-09 14:00:50,624 INFO                mesh_interface:93  |#@# start_memory, 1712.9140625
2016-09-09 14:00:50,624 INFO                mesh_interface:93  |#@# start_resident, 1402.4296875
2016-09-09 14:00:50,625 INFO                mesh_interface:93  |#@# start_stacksize, 0.1328125
2016-09-09 14:00:50,625 INFO                mesh_interface:94  |#@# maximum_triangle_area, 50
2016-09-09 14:00:50,625 INFO                mesh_interface:95  |#@# minimum_triangle_angle, 28.0
2016-09-09 14:00:50,625 INFO                mesh_interface:96  |#@# startMesh, '2016-09-09 14:00:50'
2016-09-09 14:00:50,627 CRITICAL            mesh_interface:368 |Generating mesh to file './tmp/output.msh'
2016-09-09 14:00:51,412 CRITICAL            generic_domain:76  |Domain: Initialising
2016-09-09 14:00:51,412 CRITICAL              pmesh2domain:93  |Pmesh_to_Domain: Initialising
2016-09-09 14:00:51,888 CRITICAL              pmesh2domain:103 |Pmesh_to_Domain: Done
2016-09-09 14:00:51,889 CRITICAL              general_mesh:85  |General_mesh: Building basic mesh structure
2016-09-09 14:00:51,890 INFO                  general_mesh:92  |#@# numTriangles, 273846
2016-09-09 14:00:51,959 CRITICAL              general_mesh:147 |General_mesh: Computing areas, normals, edgelengths, centroids and radii
2016-09-09 14:00:52,042 CRITICAL              general_mesh:372 |General Mesh: Building inverted triangle structure
2016-09-09 14:00:52,086 INFO                  general_mesh:375 |#@# aoi, '8921064.0'
2016-09-09 14:00:52,086 CRITICAL            neighbour_mesh:91  |Mesh: Initialising
2016-09-09 14:00:52,089 CRITICAL            neighbour_mesh:161 |Mesh: Building neigbour structure
2016-09-09 14:00:52,560 CRITICAL            neighbour_mesh:165 |Mesh: Building surrogate neigbour structure
2016-09-09 14:00:52,565 CRITICAL            neighbour_mesh:169 |Mesh: Building boundary dictionary
2016-09-09 14:00:52,570 CRITICAL            neighbour_mesh:176 |Mesh: Building tagged elements dictionary
2016-09-09 14:00:52,611 CRITICAL            neighbour_mesh:194 |Mesh: Done
2016-09-09 14:00:52,612 INFO                neighbour_mesh:195 |#@# finishMesh, '2016-09-09 14:00:52'
2016-09-09 14:00:52,612 INFO                neighbour_mesh:196 |Resource usage: memory=1719.2MB resident=1402.9MB stacksize=0.1MB
2016-09-09 14:00:52,612 INFO                neighbour_mesh:196 |#@# sys_platform, linux2
2016-09-09 14:00:52,612 INFO                neighbour_mesh:196 |#@# finishMesh_memory, 1719.23046875
2016-09-09 14:00:52,612 INFO                neighbour_mesh:196 |#@# finishMesh_resident, 1402.875
2016-09-09 14:00:52,612 INFO                neighbour_mesh:196 |#@# finishMesh_stacksize, 0.1328125
2016-09-09 14:00:52,612 CRITICAL            generic_domain:109 |Domain: Expose mesh attributes
2016-09-09 14:00:52,612 CRITICAL            generic_domain:144 |Domain: Expose quantity names and types
2016-09-09 14:00:52,612 CRITICAL            generic_domain:170 |Domain: Build Quantities
2016-09-09 14:00:52,653 CRITICAL            generic_domain:215 |Domain: Set up communication buffers 
2016-09-09 14:00:52,653 CRITICAL            generic_domain:230 |Domain: Set up triangle/node full flags 
2016-09-09 14:00:52,667 CRITICAL            generic_domain:283 |Domain: Set defaults
2016-09-09 14:00:52,667 CRITICAL            generic_domain:342 |Domain: Set work arrays
2016-09-09 14:00:52,669 CRITICAL            generic_domain:360 |Domain: Initialising quantity values
2016-09-09 14:00:52,669 CRITICAL            generic_domain:363 |Domain: Done
2016-09-09 14:00:53,514 CRITICAL                   caching:840 |Caching: looking for cached files /home/tomt/.python_cache/_fit_to_mesh[-4769058114369908299]_{Result,Args,Admin}.z
2016-09-09 14:00:53,514 CRITICAL                   caching:846 |Caching: Dependencies are ['./tmp/dtm_utm.mean.pts']
2016-09-09 14:00:53,514 CRITICAL                   caching:2408|+-----------------------------------------------------------
| Fri Sep  9 14:00:53 2016. Evaluating function _fit_to_mesh
+-----------------------------------------------------------

2016-09-09 14:00:53,514 CRITICAL                   caching:2353|| Argument:     './tmp/dtm_utm.mean.pts'
2016-09-09 14:00:53,514 CRITICAL                   caching:2365|| Keyword Args: {'vertex_coordinates': None, 'verbose': True, 'mesh': Mesh: 137521 vertices, 273846 triangles, 1194 boundary segments, 'alpha': 0.1, 'data_origin': None, 'point_attributes': None, 'attribute_name': None, 'use_c_cg': True, 'cg_precon': 'Jacobi', 'max_read_lines': 1000000.0, 'mesh_origin': None, 'tria...
2016-09-09 14:00:53,515 CRITICAL                   caching:2387|| Reason:       No cached result
2016-09-09 14:00:53,515 CRITICAL                   caching:2421|+-----------------------------------------------------------

2016-09-09 14:00:53,621 CRITICAL   general_fit_interpolate:114 |FitInterpolate: Building quad tree
2016-09-09 14:00:53,700 CRITICAL                       fit:120 |Building smoothing matrix
2016-09-09 14:00:54,188 CRITICAL           geospatial_data:173 |Geospatial_data: Created from file: ./tmp/dtm_utm.mean.pts
2016-09-09 14:00:54,188 CRITICAL           geospatial_data:175 |Data will be loaded blockwise on demand
2016-09-09 14:00:54,188 CRITICAL           geospatial_data:1048|Got 1 variables: [u'elevation']
2016-09-09 14:00:54,189 CRITICAL             geo_reference:188 |WARNING: Units of METERS specified.
2016-09-09 14:00:54,189 CRITICAL             geo_reference:189 |Default units is m.
2016-09-09 14:00:54,189 CRITICAL             geo_reference:190 |ANUGA does not correct for differences in units.
2016-09-09 14:00:54,189 CRITICAL           geospatial_data:712 |Geospatial_data: Reading 22294898 points (in 23 block(s)) from file ./tmp/dtm_utm.mean.pts. 
2016-09-09 14:00:54,189 CRITICAL           geospatial_data:714 |Geospatial_data: Each block consists of 1000000 data points
2016-09-09 14:00:54,189 CRITICAL           geospatial_data:749 |
Geospatial_data: Reading block 0 (points 0 to 1000000) out of 22
2016-09-09 14:01:07,027 CRITICAL           geospatial_data:749 |
Geospatial_data: Reading block 2 (points 2000000 to 3000000) out of 22
2016-09-09 14:01:33,976 CRITICAL           geospatial_data:749 |
Geospatial_data: Reading block 4 (points 4000000 to 5000000) out of 22
2016-09-09 14:02:03,747 CRITICAL           geospatial_data:749 |
Geospatial_data: Reading block 6 (points 6000000 to 7000000) out of 22
2016-09-09 14:02:35,831 CRITICAL           geospatial_data:749 |
Geospatial_data: Reading block 8 (points 8000000 to 9000000) out of 22
2016-09-09 14:03:23,655 CRITICAL           geospatial_data:749 |
Geospatial_data: Reading block 11 (points 11000000 to 12000000) out of 22
2016-09-09 14:03:53,333 CRITICAL           geospatial_data:749 |
Geospatial_data: Reading block 13 (points 13000000 to 14000000) out of 22
2016-09-09 14:04:24,731 CRITICAL           geospatial_data:749 |
Geospatial_data: Reading block 15 (points 15000000 to 16000000) out of 22
2016-09-09 14:04:53,746 CRITICAL           geospatial_data:749 |
Geospatial_data: Reading block 17 (points 17000000 to 18000000) out of 22
2016-09-09 14:05:40,102 CRITICAL           geospatial_data:749 |
Geospatial_data: Reading block 20 (points 20000000 to 21000000) out of 22
2016-09-09 14:06:11,301 CRITICAL                       fit:329 |Fit.fit: Warning: no data points in fit
2016-09-09 14:06:19,176 CRITICAL                   caching:2408|+-------------------------------------------------------
| Fri Sep  9 14:06:19 2016. Caching statistics (storing)
+-------------------------------------------------------

2016-09-09 14:06:19,176 CRITICAL                   caching:2334|| Function:     _fit_to_mesh
2016-09-09 14:06:19,177 CRITICAL                   caching:2353|| Argument:     './tmp/dtm_utm.mean.pts'
2016-09-09 14:06:19,177 CRITICAL                   caching:2365|| Keyword Args: {'vertex_coordinates': None, 'verbose': True, 'mesh': Mesh: 137521 vertices, 273846 triangles, 1194 boundary segments, 'alpha': 0.1, 'data_origin': None, 'point_attributes': None, 'attribute_name': None, 'use_c_cg': True, 'cg_precon': 'Jacobi', 'max_read_lines': 1000000.0, 'mesh_origin': None, 'tria...
2016-09-09 14:06:19,177 CRITICAL                   caching:2387|| Reason:       No cached result
2016-09-09 14:06:19,177 CRITICAL                   caching:2224|| CPU time:     325.56 seconds
2016-09-09 14:06:19,259 CRITICAL                   caching:2237|| Loading time: 0.0 seconds (estimated)
2016-09-09 14:06:19,259 CRITICAL                   caching:2276||
2016-09-09 14:06:19,260 CRITICAL                   caching:2277|| Caching dir:  /home/tomt/.python_cache/
2016-09-09 14:06:19,260 CRITICAL                   caching:2290|| Result file:  _fit_to_mesh[-4769058114369908299]_Result(1100308 bytes)
2016-09-09 14:06:19,260 CRITICAL                   caching:2290|| Args file:    _fit_to_mesh[-4769058114369908299]_Args(96474433 bytes)
2016-09-09 14:06:19,260 CRITICAL                   caching:2290|| Admin file:   _fit_to_mesh[-4769058114369908299]_Admin(1521 bytes)
2016-09-09 14:06:19,260 CRITICAL                   caching:2292||
2016-09-09 14:06:19,260 CRITICAL                   caching:2294|| Dependencies:  
2016-09-09 14:06:19,260 CRITICAL                   caching:2319|| ./tmp/dtm_utm.mean.pts: Fri Sep  9 14:00:49 2016 535078160 bytes
2016-09-09 14:06:19,260 CRITICAL                   caching:2421|+-------------------------------------------------------

2016-09-09 14:06:19,260 CRITICAL                  quantity:1277|Applying fitted data to domain
